<?xml version="1.0" encoding="UTF-8" ?>
<testsuite tests="5" failures="0" name="com.sample.wishlistDemo.api.generated.DefaultWishlistsResourceTest" time="17.054" errors="0" skipped="0">
  <properties>
[...]
</properties>
  <testcase classname="com.sample.wishlistDemo.api.generated.DefaultWishlistsResourceTest" name="testPutByWishlistIdWithWishlist" time="10.377"/>
  <testcase classname="com.sample.wishlistDemo.api.generated.DefaultWishlistsResourceTest" name="testGet" time="1.557"/>
  <testcase classname="com.sample.wishlistDemo.api.generated.DefaultWishlistsResourceTest" name="testPostWithWishlist" time="4.054"/>
  <testcase classname="com.sample.wishlistDemo.api.generated.DefaultWishlistsResourceTest" name="testDeleteByWishlistId" time="0.571"/>
  <testcase classname="com.sample.wishlistDemo.api.generated.DefaultWishlistsResourceTest" name="testGetByWishlistId" time="0.495"/>
</testsuite>